

***********************************************************************
Fatal NI connect error 12535, connecting to:
 (DESCRIPTION=(ADDRESS=(PROTOCOL=TCP)(HOST=eu.bas.kz)(PORT=1521))(CONNECT_DATA=(SERVICE_NAME=XE)(CID=(PROGRAM=C:\Program Files\Quest Software\SQL Navigator 5.5\SQLNav5.exe)(HOST=MUSLIMOV)(USER=User))))

  VERSION INFORMATION:
	TNS for 32-bit Windows: Version 9.2.0.1.0 - Production
	Windows NT TCP/IP NT Protocol Adapter for 32-bit Windows: Version 9.2.0.1.0 - Production
  Time: 17-AUG-2010 12:17:36
  Tracing not turned on.
  Tns error struct:
    nr err code: 0
    ns main err code: 12535
    TNS-12535: TNS:operation timed out
    ns secondary err code: 12560
    nt main err code: 505
    TNS-00505: Operation timed out
    nt secondary err code: 60
    nt OS err code: 0


***********************************************************************
Fatal NI connect error 12545, connecting to:
 (DESCRIPTION=(ADDRESS=(PROTOCOL=TCP)(HOST=eu.bas.kz)(PORT=1521))(CONNECT_DATA=(SERVICE_NAME=XE)(CID=(PROGRAM=C:\Program Files\Quest Software\SQL Navigator 5.5\SQLNav5.exe)(HOST=MUSLIMOV)(USER=User))))

  VERSION INFORMATION:
	TNS for 32-bit Windows: Version 9.2.0.1.0 - Production
	Windows NT TCP/IP NT Protocol Adapter for 32-bit Windows: Version 9.2.0.1.0 - Production
  Time: 17-AUG-2010 12:58:50
  Tracing not turned on.
  Tns error struct:
    nr err code: 0
    ns main err code: 12545
    TNS-12545: Connect failed because target host or object does not exist
    ns secondary err code: 12560
    nt main err code: 515
    TNS-00515: Connect failed because target host or object does not exist
    nt secondary err code: 1001
    nt OS err code: 0


***********************************************************************
Fatal NI connect error 12535, connecting to:
 (DESCRIPTION=(ADDRESS=(PROTOCOL=TCP)(HOST=VM_XE)(PORT=1521))(CONNECT_DATA=(SERVICE_NAME=XE)(CID=(PROGRAM=C:\Program Files\Quest Software\SQL Navigator 5.5\SQLNav5.exe)(HOST=MUSLIMOV)(USER=User))))

  VERSION INFORMATION:
	TNS for 32-bit Windows: Version 9.2.0.1.0 - Production
	Windows NT TCP/IP NT Protocol Adapter for 32-bit Windows: Version 9.2.0.1.0 - Production
  Time: 19-AUG-2010 13:44:36
  Tracing not turned on.
  Tns error struct:
    nr err code: 0
    ns main err code: 12535
    TNS-12535: TNS:operation timed out
    ns secondary err code: 12560
    nt main err code: 505
    TNS-00505: Operation timed out
    nt secondary err code: 60
    nt OS err code: 0


***********************************************************************
Fatal NI connect error 12541, connecting to:
 (DESCRIPTION=(ADDRESS=(PROTOCOL=tcp)(HOST=crp3dbala.air-astana.net)(PORT=1521))(CONNECT_DATA=(SERVICE_NAME=CRP3)(INSTANCE_NAME=CRP3)(CID=(PROGRAM=C:\Program Files\Quest Software\SQL Navigator 5.5\SQLNav5.exe)(HOST=MUSLIMOV)(USER=User))))

  VERSION INFORMATION:
	TNS for 32-bit Windows: Version 9.2.0.1.0 - Production
	Windows NT TCP/IP NT Protocol Adapter for 32-bit Windows: Version 9.2.0.1.0 - Production
  Time: 19-AUG-2010 18:49:32
  Tracing not turned on.
  Tns error struct:
    nr err code: 0
    ns main err code: 12541
    TNS-12541: TNS:no listener
    ns secondary err code: 12560
    nt main err code: 511
    TNS-00511: No listener
    nt secondary err code: 61
    nt OS err code: 0


***********************************************************************
Fatal NI connect error 12541, connecting to:
 (DESCRIPTION=(ADDRESS=(PROTOCOL=tcp)(HOST=crp3dbala.air-astana.net)(PORT=1521))(CONNECT_DATA=(SERVICE_NAME=CRP3)(INSTANCE_NAME=CRP3)(CID=(PROGRAM=C:\Program Files\Quest Software\SQL Navigator 5.5\SQLNav5.exe)(HOST=MUSLIMOV)(USER=User))))

  VERSION INFORMATION:
	TNS for 32-bit Windows: Version 9.2.0.1.0 - Production
	Windows NT TCP/IP NT Protocol Adapter for 32-bit Windows: Version 9.2.0.1.0 - Production
  Time: 19-AUG-2010 18:49:34
  Tracing not turned on.
  Tns error struct:
    nr err code: 0
    ns main err code: 12541
    TNS-12541: TNS:no listener
    ns secondary err code: 12560
    nt main err code: 511
    TNS-00511: No listener
    nt secondary err code: 61
    nt OS err code: 0


***********************************************************************
Fatal NI connect error 12560, connecting to:
 (DESCRIPTION=(ADDRESS=(PROTOCOL=TCP)(HOST=app.bas.kz)(PORT=1521))(CONNECT_DATA=(SERVICE_NAME=XE)(CID=(PROGRAM=C:\Program Files\Quest Software\SQL Navigator 5.5\SQLNav5.exe)(HOST=MUSLIMOV)(USER=User))))

  VERSION INFORMATION:
	TNS for 32-bit Windows: Version 9.2.0.1.0 - Production
	Windows NT TCP/IP NT Protocol Adapter for 32-bit Windows: Version 9.2.0.1.0 - Production
  Time: 19-AUG-2010 19:32:51
  Tracing not turned on.
  Tns error struct:
    nr err code: 0
    ns main err code: 12560
    TNS-12560: TNS:protocol adapter error
    ns secondary err code: 0
    nt main err code: 530
    TNS-00530: Protocol adapter error
    nt secondary err code: 53
    nt OS err code: 0


***********************************************************************
Fatal NI connect error 12535, connecting to:
 (DESCRIPTION=(ADDRESS=(PROTOCOL=TCP)(HOST=VM_XE)(PORT=1521))(CONNECT_DATA=(SERVICE_NAME=XE)(CID=(PROGRAM=C:\Program Files\Quest Software\SQL Navigator 5.5\SQLNav5.exe)(HOST=MUSLIMOV)(USER=User))))

  VERSION INFORMATION:
	TNS for 32-bit Windows: Version 9.2.0.1.0 - Production
	Windows NT TCP/IP NT Protocol Adapter for 32-bit Windows: Version 9.2.0.1.0 - Production
  Time: 21-AUG-2010 19:08:50
  Tracing not turned on.
  Tns error struct:
    nr err code: 0
    ns main err code: 12535
    TNS-12535: TNS:operation timed out
    ns secondary err code: 12560
    nt main err code: 505
    TNS-00505: Operation timed out
    nt secondary err code: 60
    nt OS err code: 0


***********************************************************************
Fatal NI connect error 12535, connecting to:
 (DESCRIPTION=(ADDRESS=(PROTOCOL=TCP)(HOST=oebsdbala.air-astana.net)(PORT=1521))(CONNECT_DATA=(SID=CRP2)(SERVER=DEDICATED)(CID=(PROGRAM=C:\Program Files\Quest Software\SQL Navigator 5.5\SQLNav5.exe)(HOST=MUSLIMOV)(USER=User))))

  VERSION INFORMATION:
	TNS for 32-bit Windows: Version 9.2.0.1.0 - Production
	Windows NT TCP/IP NT Protocol Adapter for 32-bit Windows: Version 9.2.0.1.0 - Production
  Time: 23-AUG-2010 21:43:10
  Tracing not turned on.
  Tns error struct:
    nr err code: 0
    ns main err code: 12535
    TNS-12535: TNS:operation timed out
    ns secondary err code: 12560
    nt main err code: 505
    TNS-00505: Operation timed out
    nt secondary err code: 60
    nt OS err code: 0


***********************************************************************
Fatal NI connect error 12535, connecting to:
 (DESCRIPTION=(ADDRESS=(COMMUNITY=tcp.world)(PROTOCOL=TCP)(HOST=10.0.14.9)(PORT=1522))(CONNECT_DATA=(SERVICE_NAME=PRODNEW)(CID=(PROGRAM=C:\Program Files\Quest Software\SQL Navigator 5.5\SQLNav5.exe)(HOST=MUSLIMOV)(USER=User))))

  VERSION INFORMATION:
	TNS for 32-bit Windows: Version 9.2.0.1.0 - Production
	Windows NT TCP/IP NT Protocol Adapter for 32-bit Windows: Version 9.2.0.1.0 - Production
  Time: 26-AUG-2010 09:52:19
  Tracing not turned on.
  Tns error struct:
    nr err code: 0
    ns main err code: 12535
    TNS-12535: TNS:operation timed out
    ns secondary err code: 12560
    nt main err code: 505
    TNS-00505: Operation timed out
    nt secondary err code: 60
    nt OS err code: 0


***********************************************************************
Fatal NI connect error 12535, connecting to:
 (DESCRIPTION=(ADDRESS=(COMMUNITY=tcp.world)(PROTOCOL=TCP)(HOST=10.0.14.9)(PORT=1522))(CONNECT_DATA=(SERVICE_NAME=PRODNEW)(CID=(PROGRAM=C:\Program Files\Quest Software\SQL Navigator 5.5\SQLNav5.exe)(HOST=MUSLIMOV)(USER=User))))

  VERSION INFORMATION:
	TNS for 32-bit Windows: Version 9.2.0.1.0 - Production
	Windows NT TCP/IP NT Protocol Adapter for 32-bit Windows: Version 9.2.0.1.0 - Production
  Time: 26-AUG-2010 09:52:41
  Tracing not turned on.
  Tns error struct:
    nr err code: 0
    ns main err code: 12535
    TNS-12535: TNS:operation timed out
    ns secondary err code: 12560
    nt main err code: 505
    TNS-00505: Operation timed out
    nt secondary err code: 60
    nt OS err code: 0


***********************************************************************
Fatal NI connect error 12535, connecting to:
 (DESCRIPTION=(ADDRESS=(COMMUNITY=tcp.world)(PROTOCOL=TCP)(HOST=10.0.14.9)(PORT=1522))(CONNECT_DATA=(SERVICE_NAME=PRODNEW)(CID=(PROGRAM=C:\Program Files\Quest Software\SQL Navigator 5.5\SQLNav5.exe)(HOST=MUSLIMOV)(USER=User))))

  VERSION INFORMATION:
	TNS for 32-bit Windows: Version 9.2.0.1.0 - Production
	Windows NT TCP/IP NT Protocol Adapter for 32-bit Windows: Version 9.2.0.1.0 - Production
  Time: 26-AUG-2010 09:55:22
  Tracing not turned on.
  Tns error struct:
    nr err code: 0
    ns main err code: 12535
    TNS-12535: TNS:operation timed out
    ns secondary err code: 12560
    nt main err code: 505
    TNS-00505: Operation timed out
    nt secondary err code: 60
    nt OS err code: 0


***********************************************************************
Fatal NI connect error 12535, connecting to:
 (DESCRIPTION=(ADDRESS=(PROTOCOL=tcp)(HOST=crp3dbala.air-astana.net)(PORT=1521))(CONNECT_DATA=(SERVICE_NAME=CRP3)(INSTANCE_NAME=CRP3)(CID=(PROGRAM=C:\Program Files\Quest Software\SQL Navigator 5.5\SQLNav5.exe)(HOST=MUSLIMOV)(USER=User))))

  VERSION INFORMATION:
	TNS for 32-bit Windows: Version 9.2.0.1.0 - Production
	Windows NT TCP/IP NT Protocol Adapter for 32-bit Windows: Version 9.2.0.1.0 - Production
  Time: 07-SEP-2010 00:42:06
  Tracing not turned on.
  Tns error struct:
    nr err code: 0
    ns main err code: 12535
    TNS-12535: TNS:operation timed out
    ns secondary err code: 12560
    nt main err code: 505
    TNS-00505: Operation timed out
    nt secondary err code: 60
    nt OS err code: 0


***********************************************************************
Fatal NI connect error 12535, connecting to:
 (DESCRIPTION=(ADDRESS=(PROTOCOL=TCP)(HOST=VM_XE)(PORT=1521))(CONNECT_DATA=(SERVICE_NAME=XE)(CID=(PROGRAM=C:\Program Files\Quest Software\SQL Navigator 5.5\SQLNav5.exe)(HOST=MUSLIMOV)(USER=User))))

  VERSION INFORMATION:
	TNS for 32-bit Windows: Version 9.2.0.1.0 - Production
	Windows NT TCP/IP NT Protocol Adapter for 32-bit Windows: Version 9.2.0.1.0 - Production
  Time: 11-SEP-2010 18:47:33
  Tracing not turned on.
  Tns error struct:
    nr err code: 0
    ns main err code: 12535
    TNS-12535: TNS:operation timed out
    ns secondary err code: 12560
    nt main err code: 505
    TNS-00505: Operation timed out
    nt secondary err code: 60
    nt OS err code: 0


***********************************************************************
Fatal NI connect error 12500, connecting to:
 (DESCRIPTION=(ADDRESS=(PROTOCOL=TCP)(HOST=FFPDBALA2)(PORT=1521))(CONNECT_DATA=(SERVER=DEDICATED)(SERVICE_NAME=IFLYKC.FFPDBALA2)(CID=(PROGRAM=C:\Program Files\Quest Software\SQL Navigator 5.5\SQLNav5.exe)(HOST=MUSLIMOV)(USER=User))))

  VERSION INFORMATION:
	TNS for 32-bit Windows: Version 9.2.0.1.0 - Production
	Windows NT TCP/IP NT Protocol Adapter for 32-bit Windows: Version 9.2.0.1.0 - Production
  Time: 13-SEP-2010 12:13:16
  Tracing not turned on.
  Tns error struct:
    nr err code: 0
    ns main err code: 12564
    TNS-12564: TNS:connection refused
    ns secondary err code: 0
    nt main err code: 0
    nt secondary err code: 0
    nt OS err code: 0


***********************************************************************
Fatal NI connect error 12545, connecting to:
 (DESCRIPTION=(ADDRESS=(PROTOCOL=TCP)(HOST=KO)(PORT=1521))(CONNECT_DATA=(SERVICE_NAME=XE)(CID=(PROGRAM=C:\Program Files\Quest Software\SQL Navigator 5.5\SQLNav5.exe)(HOST=MUSLIMOV)(USER=User))))

  VERSION INFORMATION:
	TNS for 32-bit Windows: Version 9.2.0.1.0 - Production
	Windows NT TCP/IP NT Protocol Adapter for 32-bit Windows: Version 9.2.0.1.0 - Production
  Time: 14-SEP-2010 01:00:36
  Tracing not turned on.
  Tns error struct:
    nr err code: 0
    ns main err code: 12545
    TNS-12545: Connect failed because target host or object does not exist
    ns secondary err code: 12560
    nt main err code: 515
    TNS-00515: Connect failed because target host or object does not exist
    nt secondary err code: 1001
    nt OS err code: 0


***********************************************************************
Fatal NI connect error 12545, connecting to:
 (DESCRIPTION=(ADDRESS=(PROTOCOL=TCP)(HOST=KO)(PORT=1521))(CONNECT_DATA=(SERVICE_NAME=XE)(CID=(PROGRAM=C:\Program Files\Quest Software\SQL Navigator 5.5\SQLNav5.exe)(HOST=MUSLIMOV)(USER=User))))

  VERSION INFORMATION:
	TNS for 32-bit Windows: Version 9.2.0.1.0 - Production
	Windows NT TCP/IP NT Protocol Adapter for 32-bit Windows: Version 9.2.0.1.0 - Production
  Time: 14-SEP-2010 01:02:10
  Tracing not turned on.
  Tns error struct:
    nr err code: 0
    ns main err code: 12545
    TNS-12545: Connect failed because target host or object does not exist
    ns secondary err code: 12560
    nt main err code: 515
    TNS-00515: Connect failed because target host or object does not exist
    nt secondary err code: 1001
    nt OS err code: 0


***********************************************************************
Fatal NI connect error 12535, connecting to:
 (DESCRIPTION=(ADDRESS=(PROTOCOL=TCP)(HOST=10.1.102.141)(PORT=1521))(CONNECT_DATA=(SID=erpb)(SERVER=DEDICATED)(CID=(PROGRAM=C:\Program Files\Quest Software\SQL Navigator 5.5\SQLNav5.exe)(HOST=MUSLIMOV)(USER=User))))

  VERSION INFORMATION:
	TNS for 32-bit Windows: Version 9.2.0.1.0 - Production
	Windows NT TCP/IP NT Protocol Adapter for 32-bit Windows: Version 9.2.0.1.0 - Production
  Time: 15-SEP-2010 11:02:45
  Tracing not turned on.
  Tns error struct:
    nr err code: 0
    ns main err code: 12535
    TNS-12535: TNS:operation timed out
    ns secondary err code: 12560
    nt main err code: 505
    TNS-00505: Operation timed out
    nt secondary err code: 60
    nt OS err code: 0


***********************************************************************
Fatal NI connect error 12535, connecting to:
 (DESCRIPTION=(ADDRESS=(PROTOCOL=TCP)(HOST=10.1.102.141)(PORT=1521))(CONNECT_DATA=(SID=erpb)(SERVER=DEDICATED)(CID=(PROGRAM=C:\Program Files\Quest Software\SQL Navigator 5.5\SQLNav5.exe)(HOST=MUSLIMOV)(USER=User))))

  VERSION INFORMATION:
	TNS for 32-bit Windows: Version 9.2.0.1.0 - Production
	Windows NT TCP/IP NT Protocol Adapter for 32-bit Windows: Version 9.2.0.1.0 - Production
  Time: 15-SEP-2010 11:03:37
  Tracing not turned on.
  Tns error struct:
    nr err code: 0
    ns main err code: 12535
    TNS-12535: TNS:operation timed out
    ns secondary err code: 12560
    nt main err code: 505
    TNS-00505: Operation timed out
    nt secondary err code: 60
    nt OS err code: 0


***********************************************************************
Fatal NI connect error 12535, connecting to:
 (DESCRIPTION=(ADDRESS=(PROTOCOL=TCP)(HOST=10.1.102.141)(PORT=1521))(CONNECT_DATA=(SID=erpb)(SERVER=DEDICATED)(CID=(PROGRAM=C:\Program Files\Quest Software\SQL Navigator 5.5\SQLNav5.exe)(HOST=MUSLIMOV)(USER=User))))

  VERSION INFORMATION:
	TNS for 32-bit Windows: Version 9.2.0.1.0 - Production
	Windows NT TCP/IP NT Protocol Adapter for 32-bit Windows: Version 9.2.0.1.0 - Production
  Time: 15-SEP-2010 11:04:00
  Tracing not turned on.
  Tns error struct:
    nr err code: 0
    ns main err code: 12535
    TNS-12535: TNS:operation timed out
    ns secondary err code: 12560
    nt main err code: 505
    TNS-00505: Operation timed out
    nt secondary err code: 60
    nt OS err code: 0
