build_number:
[propertyfile] Updating property file: C:\gwt-git\db-forms-constructor\ConstructorApp\war\WEB-INF\application.properties
     [echo] Generated version: 1.2.225

libs:
    [unzip] Expanding: C:\gwt-git\lib\smartgwt-5.1p_20160108\smartgwt_mod.jar into C:\gwt-git\db-forms-constructor\ConstructorApp\war\WEB-INF\classes

javac:
    [javac] Compiling 89 source files to C:\gwt-git\db-forms-constructor\ConstructorApp\war\WEB-INF\classes
    [javac] C:\gwt-git\db-forms-constructor\ConstructorApp\src\com\abssoft\constructor\client\widgets\cmirrorwidget\CodeMirrorV511.java:23: warning: [deprecation] Element in com.google.gwt.user.client has been deprecated
    [javac] import com.google.gwt.user.client.Element;
    [javac]                                  ^
    [javac] C:\gwt-git\db-forms-constructor\ConstructorApp\src\com\abssoft\constructor\client\data\FormAction.java:308: warning: [deprecation] unloadChildren(TreeNode) in Tree has been deprecated
    [javac] 				treeGrid.getData().unloadChildren(node);
    [javac] 				                  ^
    [javac] C:\gwt-git\db-forms-constructor\ConstructorApp\src\com\abssoft\constructor\client\widgets\cmirrorwidget\CodeMirrorV511.java:50: warning: [deprecation] Element in com.google.gwt.user.client has been deprecated
    [javac] 	private Element hostElement; // the host element that holds our editor instance
    [javac] 	        ^
    [javac] C:\gwt-git\db-forms-constructor\ConstructorApp\src\com\abssoft\constructor\client\widgets\cmirrorwidget\CodeMirrorV511.java:81: warning: [deprecation] setElementProperty(Element,String,String) in DOM has been deprecated
    [javac] 		DOM.setElementProperty(hostElement, "id", id);
    [javac] 		   ^
    [javac] C:\gwt-git\db-forms-constructor\ConstructorApp\src\com\abssoft\constructor\client\widgets\cmirrorwidget\CodeMirrorV511.java:82: warning: [deprecation] setElement(Element) in UIObject has been deprecated
    [javac] 		setElement(hostElement);
    [javac] 		^
    [javac] 5 warnings

gwtc:
     [java] Compiling module com.abssoft.constructor.ConstructorApp
     [java]    Compiling 1 permutation
     [java]       Compiling permutation 0...
     [java]    Compile of permutations succeeded
     [java]    Compilation succeeded -- 100,113s
     [java] Linking into C:\gwt-git\db-forms-constructor\ConstructorApp\war\constructorapp
     [java]    Invoking Linker Cross-Site-Iframe
     [java]       Ignoring the following script tags in the gwt.xml file
     [java] ofcgwt/swfobject.js
     [java] 
     [java]    Invoking Linker SmartGwtScriptInjector
     [java]       Creating loadScriptTagFiles.js to manually load the following script tags:
     [java] ofcgwt/swfobject.js
     [java]    Link succeeded
     [java]    Linking succeeded -- 23,703s

build:

copyFiles:
     [copy] Copying 76 files to C:\gwt-git\db-forms-constructor\ConstructorApp\war\constructorapp\sc\resources
     [copy] Copying 467 files to C:\gwt-git\db-forms-constructor\ConstructorApp\war\constructorapp\codemirror-5.11

war:
      [zip] Building zip: C:\gwt-git\db-forms-constructor\ConstructorApp\war\src.1.2.225.zip
     [copy] Copying 1 file to C:\gwt-git\db-forms-constructor\ConstructorApp\war
      [zip] Building zip: C:\Users\test\Google Диск\fc\builds\1.2.225\ConstructorApp.1.2.225.war
     [copy] Copying 1 file to C:\gwt-git\db-forms-constructor\ConstructorApp\war
      [zip] Building zip: C:\Users\test\Google Диск\fc\builds\1.2.225\ConstructorApp_withoutLibs.1.2.225.war

deployNew:
     [copy] Copying 1 file to C:\Tomcat\Tomcat 8.0\webapps
BUILD SUCCESSFUL

BUILD SUCCESSFUL
